Determining if the pthread_create exist failed with the following output:
Change Dir: /home/jenny/test/build/CMakeFiles/CMakeTmp

Run Build Command:"/usr/bin/make" "cmTC_072ca/fast"
/usr/bin/make -f CMakeFiles/cmTC_072ca.dir/build.make CMakeFiles/cmTC_072ca.dir/build
make[1]: Entering directory '/home/jenny/test/build/CMakeFiles/CMakeTmp'
Building C object CMakeFiles/cmTC_072ca.dir/CheckSymbolExists.c.o
/usr/bin/cc    -o CMakeFiles/cmTC_072ca.dir/CheckSymbolExists.c.o   -c /home/jenny/test/build/CMakeFiles/CMakeTmp/CheckSymbolExists.c
Linking C executable cmTC_072ca
/usr/bin/cmake -E cmake_link_script CMakeFiles/cmTC_072ca.dir/link.txt --verbose=1
/usr/bin/cc      -rdynamic CMakeFiles/cmTC_072ca.dir/CheckSymbolExists.c.o  -o cmTC_072ca 
CMakeFiles/cmTC_072ca.dir/CheckSymbolExists.c.o: In function `main':
CheckSymbolExists.c:(.text+0x1b): undefined reference to `pthread_create'
collect2: error: ld returned 1 exit status
CMakeFiles/cmTC_072ca.dir/build.make:97: recipe for target 'cmTC_072ca' failed
make[1]: *** [cmTC_072ca] Error 1
make[1]: Leaving directory '/home/jenny/test/build/CMakeFiles/CMakeTmp'
Makefile:126: recipe for target 'cmTC_072ca/fast' failed
make: *** [cmTC_072ca/fast] Error 2

File /home/jenny/test/build/CMakeFiles/CMakeTmp/CheckSymbolExists.c:
/* */
#include <pthread.h>

int main(int argc, char** argv)
{
  (void)argv;
#ifndef pthread_create
  return ((int*)(&pthread_create))[argc];
#else
  (void)argc;
  return 0;
#endif
}

Determining if the function pthread_create exists in the pthreads failed with the following output:
Change Dir: /home/jenny/test/build/CMakeFiles/CMakeTmp

Run Build Command:"/usr/bin/make" "cmTC_c031b/fast"
/usr/bin/make -f CMakeFiles/cmTC_c031b.dir/build.make CMakeFiles/cmTC_c031b.dir/build
make[1]: Entering directory '/home/jenny/test/build/CMakeFiles/CMakeTmp'
Building C object CMakeFiles/cmTC_c031b.dir/CheckFunctionExists.c.o
/usr/bin/cc   -DCHECK_FUNCTION_EXISTS=pthread_create   -o CMakeFiles/cmTC_c031b.dir/CheckFunctionExists.c.o   -c /usr/share/cmake-3.10/Modules/CheckFunctionExists.c
Linking C executable cmTC_c031b
/usr/bin/cmake -E cmake_link_script CMakeFiles/cmTC_c031b.dir/link.txt --verbose=1
/usr/bin/cc  -DCHECK_FUNCTION_EXISTS=pthread_create    -rdynamic CMakeFiles/cmTC_c031b.dir/CheckFunctionExists.c.o  -o cmTC_c031b -lpthreads 
/usr/bin/ld: cannot find -lpthreads
collect2: error: ld returned 1 exit status
CMakeFiles/cmTC_c031b.dir/build.make:97: recipe for target 'cmTC_c031b' failed
make[1]: *** [cmTC_c031b] Error 1
make[1]: Leaving directory '/home/jenny/test/build/CMakeFiles/CMakeTmp'
Makefile:126: recipe for target 'cmTC_c031b/fast' failed
make: *** [cmTC_c031b/fast] Error 2


